=============================================
EvoSuite Endpoint Test Log
=============================================

Timestamp:  2025-12-03 22:42:47
Test #:     1/13
Service:    ts-contacts-service
Endpoint:   GET /contactservice/contacts
Controller: com.cloudhubs.trainticket.contacts.controller.ContactsController
Budget:     60 seconds

=============================================
EvoSuite Output
=============================================

=============================================
  EvoSuite Test Generation
=============================================

Service:       ts-contacts-service
Search Budget: 60 seconds
Target Class:  com.cloudhubs.trainticket.contacts.controller.ContactsController

Step 1: Creating Java 11 compatible sources...

Converting jakarta.* to javax.* imports...
Created Java 11 compatible sources

Step 2: Compiling with Java 11 and Spring Boot 2.7.x...

[INFO] Building evosuite-compat 0.0.1-SNAPSHOT
[INFO] Compiling 41 source files with javac [debug target 11] to target/classes
[ERROR] /project/src/main/java/com/cloudhubs/trainticket/contacts/mq/RabbitSend.java:[4,49] cannot find symbol
[ERROR] /project/src/main/java/com/cloudhubs/trainticket/contacts/mq/RabbitSend.java:[7,37] package org.springframework.amqp.core does not exist
[ERROR] /project/src/main/java/com/cloudhubs/trainticket/contacts/mq/RabbitSend.java:[15,13] cannot find symbol
[INFO] Copying spring-boot-starter-web-2.7.18.jar to /project/target/dependency/spring-boot-starter-web-2.7.18.jar
[INFO] Copying spring-boot-starter-2.7.18.jar to /project/target/dependency/spring-boot-starter-2.7.18.jar
[INFO] Copying spring-boot-2.7.18.jar to /project/target/dependency/spring-boot-2.7.18.jar
[INFO] Copying spring-boot-autoconfigure-2.7.18.jar to /project/target/dependency/spring-boot-autoconfigure-2.7.18.jar
[INFO] Copying spring-boot-starter-logging-2.7.18.jar to /project/target/dependency/spring-boot-starter-logging-2.7.18.jar
[INFO] Copying logback-classic-1.2.12.jar to /project/target/dependency/logback-classic-1.2.12.jar
[INFO] Copying logback-core-1.2.12.jar to /project/target/dependency/logback-core-1.2.12.jar
[INFO] Copying log4j-to-slf4j-2.17.2.jar to /project/target/dependency/log4j-to-slf4j-2.17.2.jar
[INFO] Copying log4j-api-2.17.2.jar to /project/target/dependency/log4j-api-2.17.2.jar
[INFO] Copying jul-to-slf4j-1.7.36.jar to /project/target/dependency/jul-to-slf4j-1.7.36.jar
[INFO] Copying jakarta.annotation-api-1.3.5.jar to /project/target/dependency/jakarta.annotation-api-1.3.5.jar
[INFO] Copying spring-core-5.3.31.jar to /project/target/dependency/spring-core-5.3.31.jar
[INFO] Copying spring-jcl-5.3.31.jar to /project/target/dependency/spring-jcl-5.3.31.jar
[INFO] Copying snakeyaml-1.30.jar to /project/target/dependency/snakeyaml-1.30.jar
[INFO] Copying spring-boot-starter-json-2.7.18.jar to /project/target/dependency/spring-boot-starter-json-2.7.18.jar
[INFO] Copying jackson-databind-2.13.5.jar to /project/target/dependency/jackson-databind-2.13.5.jar
[INFO] Copying jackson-annotations-2.13.5.jar to /project/target/dependency/jackson-annotations-2.13.5.jar
[INFO] Copying jackson-core-2.13.5.jar to /project/target/dependency/jackson-core-2.13.5.jar
[INFO] Copying jackson-datatype-jdk8-2.13.5.jar to /project/target/dependency/jackson-datatype-jdk8-2.13.5.jar
[INFO] Copying jackson-datatype-jsr310-2.13.5.jar to /project/target/dependency/jackson-datatype-jsr310-2.13.5.jar
[INFO] Copying jackson-module-parameter-names-2.13.5.jar to /project/target/dependency/jackson-module-parameter-names-2.13.5.jar
[INFO] Copying spring-boot-starter-tomcat-2.7.18.jar to /project/target/dependency/spring-boot-starter-tomcat-2.7.18.jar
[INFO] Copying tomcat-embed-core-9.0.83.jar to /project/target/dependency/tomcat-embed-core-9.0.83.jar
[INFO] Copying tomcat-embed-websocket-9.0.83.jar to /project/target/dependency/tomcat-embed-websocket-9.0.83.jar
[INFO] Copying spring-web-5.3.31.jar to /project/target/dependency/spring-web-5.3.31.jar
[INFO] Copying spring-beans-5.3.31.jar to /project/target/dependency/spring-beans-5.3.31.jar
[INFO] Copying spring-webmvc-5.3.31.jar to /project/target/dependency/spring-webmvc-5.3.31.jar
[INFO] Copying spring-context-5.3.31.jar to /project/target/dependency/spring-context-5.3.31.jar
[INFO] Copying spring-expression-5.3.31.jar to /project/target/dependency/spring-expression-5.3.31.jar
[INFO] Copying spring-boot-starter-data-jpa-2.7.18.jar to /project/target/dependency/spring-boot-starter-data-jpa-2.7.18.jar
[INFO] Copying spring-boot-starter-aop-2.7.18.jar to /project/target/dependency/spring-boot-starter-aop-2.7.18.jar
[INFO] Copying aspectjweaver-1.9.7.jar to /project/target/dependency/aspectjweaver-1.9.7.jar
[INFO] Copying spring-boot-starter-jdbc-2.7.18.jar to /project/target/dependency/spring-boot-starter-jdbc-2.7.18.jar
[INFO] Copying HikariCP-4.0.3.jar to /project/target/dependency/HikariCP-4.0.3.jar
[INFO] Copying spring-jdbc-5.3.31.jar to /project/target/dependency/spring-jdbc-5.3.31.jar
[INFO] Copying jakarta.transaction-api-1.3.3.jar to /project/target/dependency/jakarta.transaction-api-1.3.3.jar
[INFO] Copying jakarta.persistence-api-2.2.3.jar to /project/target/dependency/jakarta.persistence-api-2.2.3.jar
[INFO] Copying hibernate-core-5.6.15.Final.jar to /project/target/dependency/hibernate-core-5.6.15.Final.jar
[INFO] Copying jboss-logging-3.4.3.Final.jar to /project/target/dependency/jboss-logging-3.4.3.Final.jar
[INFO] Copying byte-buddy-1.12.23.jar to /project/target/dependency/byte-buddy-1.12.23.jar
[INFO] Copying antlr-2.7.7.jar to /project/target/dependency/antlr-2.7.7.jar
[INFO] Copying jandex-2.4.2.Final.jar to /project/target/dependency/jandex-2.4.2.Final.jar
[INFO] Copying classmate-1.5.1.jar to /project/target/dependency/classmate-1.5.1.jar
[INFO] Copying hibernate-commons-annotations-5.1.2.Final.jar to /project/target/dependency/hibernate-commons-annotations-5.1.2.Final.jar
[INFO] Copying jaxb-runtime-2.3.9.jar to /project/target/dependency/jaxb-runtime-2.3.9.jar
[INFO] Copying jakarta.xml.bind-api-2.3.3.jar to /project/target/dependency/jakarta.xml.bind-api-2.3.3.jar
[INFO] Copying txw2-2.3.9.jar to /project/target/dependency/txw2-2.3.9.jar
[INFO] Copying istack-commons-runtime-3.0.12.jar to /project/target/dependency/istack-commons-runtime-3.0.12.jar
[INFO] Copying jakarta.activation-1.2.2.jar to /project/target/dependency/jakarta.activation-1.2.2.jar
[INFO] Copying spring-data-jpa-2.7.18.jar to /project/target/dependency/spring-data-jpa-2.7.18.jar
[INFO] Copying spring-data-commons-2.7.18.jar to /project/target/dependency/spring-data-commons-2.7.18.jar
[INFO] Copying spring-orm-5.3.31.jar to /project/target/dependency/spring-orm-5.3.31.jar
[INFO] Copying spring-tx-5.3.31.jar to /project/target/dependency/spring-tx-5.3.31.jar
[INFO] Copying slf4j-api-1.7.36.jar to /project/target/dependency/slf4j-api-1.7.36.jar
[INFO] Copying spring-aspects-5.3.31.jar to /project/target/dependency/spring-aspects-5.3.31.jar
[INFO] Copying spring-boot-starter-security-2.7.18.jar to /project/target/dependency/spring-boot-starter-security-2.7.18.jar
[INFO] Copying spring-aop-5.3.31.jar to /project/target/dependency/spring-aop-5.3.31.jar
[INFO] Copying spring-security-config-5.7.11.jar to /project/target/dependency/spring-security-config-5.7.11.jar
[INFO] Copying spring-security-core-5.7.11.jar to /project/target/dependency/spring-security-core-5.7.11.jar
[INFO] Copying spring-security-crypto-5.7.11.jar to /project/target/dependency/spring-security-crypto-5.7.11.jar
[INFO] Copying spring-security-web-5.7.11.jar to /project/target/dependency/spring-security-web-5.7.11.jar
[INFO] Copying spring-boot-starter-validation-2.7.18.jar to /project/target/dependency/spring-boot-starter-validation-2.7.18.jar
[INFO] Copying tomcat-embed-el-9.0.83.jar to /project/target/dependency/tomcat-embed-el-9.0.83.jar
[INFO] Copying hibernate-validator-6.2.5.Final.jar to /project/target/dependency/hibernate-validator-6.2.5.Final.jar
[INFO] Copying jakarta.validation-api-2.0.2.jar to /project/target/dependency/jakarta.validation-api-2.0.2.jar
[INFO] Copying lombok-1.18.30.jar to /project/target/dependency/lombok-1.18.30.jar
[INFO] Copying jjwt-api-0.10.8.jar to /project/target/dependency/jjwt-api-0.10.8.jar
[INFO] Copying javax.servlet-api-4.0.1.jar to /project/target/dependency/javax.servlet-api-4.0.1.jar
[INFO] BUILD SUCCESS
Error: No class files generated

=============================================
Test Summary
=============================================

Exit Code:      1
Duration:       3 seconds
Tests Generated: 0
Completed:      2025-12-03 22:42:50

